<?xml version="1.0" encoding="UTF-8"?>
<!-- Generated by org.testng.reporters.JUnitXMLReporter -->
<testsuite ignored="0" hostname="SY4MYLP-61332YS" failures="4" tests="31" name="Open Cart Accounts Page Test" time="228.512" errors="0" timestamp="11 Jun 2022 16:53:57 GMT">
  <testcase classname="com.qa.opencart.tests.AccoutPageTest" name="productDataTest" time="3.064">
    <skipped/>
  </testcase> <!-- productDataTest -->
  <testcase classname="com.qa.opencart.tests.AccoutPageTest" name="productDataTest" time="2.235">
    <skipped/>
  </testcase> <!-- productDataTest -->
  <testcase classname="com.qa.opencart.tests.AccoutPageTest" name="productDataTest" time="2.093">
    <skipped/>
  </testcase> <!-- productDataTest -->
  <testcase classname="com.qa.opencart.tests.AccoutPageTest" name="productDataTest" time="2.128">
    <failure type="java.lang.AssertionError" message="The following asserts failed:
	expected [Apple] but found [null],
	expected [Apple] but found [null],
	expected [Apple] but found [null],
	expected [Apple] but found [null]">
      <![CDATA[java.lang.AssertionError: The following asserts failed:
expected [Apple] but found [null],
expected [Apple] but found [null],
expected [Apple] but found [null],
expected [Apple] but found [null]
at org.testng.asserts.SoftAssert.assertAll(SoftAssert.java:43)
at com.qa.opencart.tests.AccoutPageTest.productDataTest(AccoutPageTest.java:139)
at java.base/jdk.internal.reflect.NativeMethodAccessorImpl.invoke0(Native Method)
at java.base/jdk.internal.reflect.NativeMethodAccessorImpl.invoke(NativeMethodAccessorImpl.java:62)
at java.base/jdk.internal.reflect.DelegatingMethodAccessorImpl.invoke(DelegatingMethodAccessorImpl.java:43)
at java.base/java.lang.reflect.Method.invoke(Method.java:566)
at org.testng.internal.MethodInvocationHelper.invokeMethod(MethodInvocationHelper.java:124)
at org.testng.internal.Invoker.invokeMethod(Invoker.java:583)
at org.testng.internal.Invoker.retryFailed(Invoker.java:839)
at org.testng.internal.Invoker.invokeTestMethods(Invoker.java:1010)
at org.testng.internal.TestMethodWorker.invokeTestMethods(TestMethodWorker.java:125)
at org.testng.internal.TestMethodWorker.run(TestMethodWorker.java:109)
at org.testng.TestRunner.privateRun(TestRunner.java:648)
at org.testng.TestRunner.run(TestRunner.java:505)
at org.testng.SuiteRunner.runTest(SuiteRunner.java:455)
at org.testng.SuiteRunner.access$000(SuiteRunner.java:40)
at org.testng.SuiteRunner$SuiteWorker.run(SuiteRunner.java:489)
at org.testng.internal.thread.ThreadUtil$1.call(ThreadUtil.java:52)
at java.base/java.util.concurrent.FutureTask.run(FutureTask.java:264)
at java.base/java.util.concurrent.ThreadPoolExecutor.runWorker(ThreadPoolExecutor.java:1128)
at java.base/java.util.concurrent.ThreadPoolExecutor$Worker.run(ThreadPoolExecutor.java:628)
at java.base/java.lang.Thread.run(Thread.java:834)
]]>
    </failure>
  </testcase> <!-- productDataTest -->
  <testcase classname="com.qa.opencart.tests.AccoutPageTest" name="accPageTitleTest" time="5.235">
    <skipped/>
  </testcase> <!-- accPageTitleTest -->
  <testcase classname="com.qa.opencart.tests.AccoutPageTest" name="accPageTitleTest" time="5.553">
    <skipped/>
  </testcase> <!-- accPageTitleTest -->
  <testcase classname="com.qa.opencart.tests.AccoutPageTest" name="accPageTitleTest" time="5.419">
    <skipped/>
  </testcase> <!-- accPageTitleTest -->
  <testcase classname="com.qa.opencart.tests.AccoutPageTest" name="accPageTitleTest" time="5.203">
    <failure type="org.openqa.selenium.TimeoutException" message="Expected condition failed: waiting for title to be &amp;quot;My Account&amp;quot;. Current title: &amp;quot;Samsung SyncMaster 941BW&amp;quot; (tried for 5 second(s) with 500 milliseconds interval)
Build info: version: &amp;apos;4.1.3&amp;apos;, revision: &amp;apos;7b1ebf28ef&amp;apos;
System info: host: &amp;apos;SY4MYLP-61332YS&amp;apos;, ip: &amp;apos;172.24.64.1&amp;apos;, os.name: &amp;apos;Windows 10&amp;apos;, os.arch: &amp;apos;amd64&amp;apos;, os.version: &amp;apos;10.0&amp;apos;, java.version: &amp;apos;11.0.10&amp;apos;
Driver info: org.openqa.selenium.chrome.ChromeDriver
Capabilities {acceptInsecureCerts: false, browserName: chrome, browserVersion: 102.0.5005.63, chrome: {chromedriverVersion: 102.0.5005.61 (0e59bcc00cc4..., userDataDir: C:\Users\LSRINI~1\AppData\L...}, goog:chromeOptions: {debuggerAddress: localhost:57880}, javascriptEnabled: true, networkConnectionEnabled: false, pageLoadStrategy: normal, platform: WINDOWS, platformName: WINDOWS, proxy: Proxy(), se:cdp: ws://localhost:57880/devtoo..., se:cdpVersion: 102.0.5005.63, setWindowRect: true, strictFileInteractability: false, timeouts: {implicit: 0, pageLoad: 300000, script: 30000}, unhandledPromptBehavior: dismiss and notify, webauthn:extension:credBlob: true, webauthn:extension:largeBlob: true, webauthn:virtualAuthenticators: true}
Session ID: be7b920f5442905e209bc49c798dcce4">
      <![CDATA[org.openqa.selenium.TimeoutException: Expected condition failed: waiting for title to be "My Account". Current title: "Samsung SyncMaster 941BW" (tried for 5 second(s) with 500 milliseconds interval)
Build info: version: '4.1.3', revision: '7b1ebf28ef'
System info: host: 'SY4MYLP-61332YS', ip: '172.24.64.1', os.name: 'Windows 10', os.arch: 'amd64', os.version: '10.0', java.version: '11.0.10'
Driver info: org.openqa.selenium.chrome.ChromeDriver
Capabilities {acceptInsecureCerts: false, browserName: chrome, browserVersion: 102.0.5005.63, chrome: {chromedriverVersion: 102.0.5005.61 (0e59bcc00cc4..., userDataDir: C:\Users\LSRINI~1\AppData\L...}, goog:chromeOptions: {debuggerAddress: localhost:57880}, javascriptEnabled: true, networkConnectionEnabled: false, pageLoadStrategy: normal, platform: WINDOWS, platformName: WINDOWS, proxy: Proxy(), se:cdp: ws://localhost:57880/devtoo..., se:cdpVersion: 102.0.5005.63, setWindowRect: true, strictFileInteractability: false, timeouts: {implicit: 0, pageLoad: 300000, script: 30000}, unhandledPromptBehavior: dismiss and notify, webauthn:extension:credBlob: true, webauthn:extension:largeBlob: true, webauthn:virtualAuthenticators: true}
Session ID: be7b920f5442905e209bc49c798dcce4
at org.openqa.selenium.support.ui.WebDriverWait.timeoutException(WebDriverWait.java:87)
at org.openqa.selenium.support.ui.FluentWait.until(FluentWait.java:231)
at com.qa.opencart.utils.ElementUtil.waitForTitleIs(ElementUtil.java:299)
at com.qa.opencart.pages.AccountPage.getAccountPageTitle(AccountPage.java:32)
at com.qa.opencart.tests.AccoutPageTest.accPageTitleTest(AccoutPageTest.java:34)
at java.base/jdk.internal.reflect.NativeMethodAccessorImpl.invoke0(Native Method)
at java.base/jdk.internal.reflect.NativeMethodAccessorImpl.invoke(NativeMethodAccessorImpl.java:62)
at java.base/jdk.internal.reflect.DelegatingMethodAccessorImpl.invoke(DelegatingMethodAccessorImpl.java:43)
at java.base/java.lang.reflect.Method.invoke(Method.java:566)
at org.testng.internal.MethodInvocationHelper.invokeMethod(MethodInvocationHelper.java:124)
at org.testng.internal.Invoker.invokeMethod(Invoker.java:583)
at org.testng.internal.Invoker.retryFailed(Invoker.java:839)
at org.testng.internal.Invoker.invokeTestMethods(Invoker.java:1010)
at org.testng.internal.TestMethodWorker.invokeTestMethods(TestMethodWorker.java:125)
at org.testng.internal.TestMethodWorker.run(TestMethodWorker.java:109)
at org.testng.TestRunner.privateRun(TestRunner.java:648)
at org.testng.TestRunner.run(TestRunner.java:505)
at org.testng.SuiteRunner.runTest(SuiteRunner.java:455)
at org.testng.SuiteRunner.access$000(SuiteRunner.java:40)
at org.testng.SuiteRunner$SuiteWorker.run(SuiteRunner.java:489)
at org.testng.internal.thread.ThreadUtil$1.call(ThreadUtil.java:52)
at java.base/java.util.concurrent.FutureTask.run(FutureTask.java:264)
at java.base/java.util.concurrent.ThreadPoolExecutor.runWorker(ThreadPoolExecutor.java:1128)
at java.base/java.util.concurrent.ThreadPoolExecutor$Worker.run(ThreadPoolExecutor.java:628)
at java.base/java.lang.Thread.run(Thread.java:834)
]]>
    </failure>
  </testcase> <!-- accPageTitleTest -->
  <testcase classname="com.qa.opencart.tests.AccoutPageTest" name="accPageSubHeadersTest" time="10.08">
    <skipped/>
  </testcase> <!-- accPageSubHeadersTest -->
  <testcase classname="com.qa.opencart.tests.AccoutPageTest" name="accPageSubHeadersTest" time="10.055">
    <skipped/>
  </testcase> <!-- accPageSubHeadersTest -->
  <testcase classname="com.qa.opencart.tests.AccoutPageTest" name="accPageSubHeadersTest" time="10.047">
    <skipped/>
  </testcase> <!-- accPageSubHeadersTest -->
  <testcase classname="com.qa.opencart.tests.AccoutPageTest" name="accPageSubHeadersTest" time="10.071">
    <failure type="java.lang.AssertionError" message="lists don&amp;apos;t have the same size expected [3] but found [0]">
      <![CDATA[java.lang.AssertionError: lists don't have the same size expected [3] but found [0]
at org.testng.Assert.fail(Assert.java:96)
at org.testng.Assert.failNotEquals(Assert.java:776)
at org.testng.Assert.assertEqualsImpl(Assert.java:137)
at org.testng.Assert.assertEquals(Assert.java:118)
at org.testng.Assert.assertEquals(Assert.java:652)
at org.testng.Assert.assertEquals(Assert.java:819)
at org.testng.Assert.assertEquals(Assert.java:796)
at com.qa.opencart.tests.AccoutPageTest.accPageSubHeadersTest(AccoutPageTest.java:43)
at java.base/jdk.internal.reflect.NativeMethodAccessorImpl.invoke0(Native Method)
at java.base/jdk.internal.reflect.NativeMethodAccessorImpl.invoke(NativeMethodAccessorImpl.java:62)
at java.base/jdk.internal.reflect.DelegatingMethodAccessorImpl.invoke(DelegatingMethodAccessorImpl.java:43)
at java.base/java.lang.reflect.Method.invoke(Method.java:566)
at org.testng.internal.MethodInvocationHelper.invokeMethod(MethodInvocationHelper.java:124)
at org.testng.internal.Invoker.invokeMethod(Invoker.java:583)
at org.testng.internal.Invoker.retryFailed(Invoker.java:839)
at org.testng.internal.Invoker.invokeTestMethods(Invoker.java:1010)
at org.testng.internal.TestMethodWorker.invokeTestMethods(TestMethodWorker.java:125)
at org.testng.internal.TestMethodWorker.run(TestMethodWorker.java:109)
at org.testng.TestRunner.privateRun(TestRunner.java:648)
at org.testng.TestRunner.run(TestRunner.java:505)
at org.testng.SuiteRunner.runTest(SuiteRunner.java:455)
at org.testng.SuiteRunner.access$000(SuiteRunner.java:40)
at org.testng.SuiteRunner$SuiteWorker.run(SuiteRunner.java:489)
at org.testng.internal.thread.ThreadUtil$1.call(ThreadUtil.java:52)
at java.base/java.util.concurrent.FutureTask.run(FutureTask.java:264)
at java.base/java.util.concurrent.ThreadPoolExecutor.runWorker(ThreadPoolExecutor.java:1128)
at java.base/java.util.concurrent.ThreadPoolExecutor$Worker.run(ThreadPoolExecutor.java:628)
at java.base/java.lang.Thread.run(Thread.java:834)
]]>
    </failure>
  </testcase> <!-- accPageSubHeadersTest -->
  <testcase classname="com.qa.opencart.tests.AccoutPageTest" name="searchResultTest" time="1.663"/>
  <testcase classname="com.qa.opencart.tests.AccoutPageTest" name="searchResultTest" time="1.004"/>
  <testcase classname="com.qa.opencart.tests.AccoutPageTest" name="searchResultTest" time="0.891"/>
  <testcase classname="com.qa.opencart.tests.AccoutPageTest" name="productResultTest" time="1.9"/>
  <testcase classname="com.qa.opencart.tests.AccoutPageTest" name="productResultTest" time="2.23"/>
  <testcase classname="com.qa.opencart.tests.AccoutPageTest" name="productResultTest" time="2.518"/>
  <testcase classname="com.qa.opencart.tests.AccoutPageTest" name="logOutTest" time="20.609">
    <skipped/>
  </testcase> <!-- logOutTest -->
  <testcase classname="com.qa.opencart.tests.AccoutPageTest" name="logOutTest" time="20.625">
    <skipped/>
  </testcase> <!-- logOutTest -->
  <testcase classname="com.qa.opencart.tests.AccoutPageTest" name="logOutTest" time="20.569">
    <skipped/>
  </testcase> <!-- logOutTest -->
  <testcase classname="com.qa.opencart.tests.AccoutPageTest" name="logOutTest" time="20.691">
    <failure type="org.openqa.selenium.TimeoutException" message="Expected condition failed: waiting for visibility of element located by By.linkText: Logout (tried for 15 second(s) with 500 milliseconds interval)
Build info: version: &amp;apos;4.1.3&amp;apos;, revision: &amp;apos;7b1ebf28ef&amp;apos;
System info: host: &amp;apos;SY4MYLP-61332YS&amp;apos;, ip: &amp;apos;172.24.64.1&amp;apos;, os.name: &amp;apos;Windows 10&amp;apos;, os.arch: &amp;apos;amd64&amp;apos;, os.version: &amp;apos;10.0&amp;apos;, java.version: &amp;apos;11.0.10&amp;apos;
Driver info: org.openqa.selenium.chrome.ChromeDriver
Capabilities {acceptInsecureCerts: false, browserName: chrome, browserVersion: 102.0.5005.63, chrome: {chromedriverVersion: 102.0.5005.61 (0e59bcc00cc4..., userDataDir: C:\Users\LSRINI~1\AppData\L...}, goog:chromeOptions: {debuggerAddress: localhost:57880}, javascriptEnabled: true, networkConnectionEnabled: false, pageLoadStrategy: normal, platform: WINDOWS, platformName: WINDOWS, proxy: Proxy(), se:cdp: ws://localhost:57880/devtoo..., se:cdpVersion: 102.0.5005.63, setWindowRect: true, strictFileInteractability: false, timeouts: {implicit: 0, pageLoad: 300000, script: 30000}, unhandledPromptBehavior: dismiss and notify, webauthn:extension:credBlob: true, webauthn:extension:largeBlob: true, webauthn:virtualAuthenticators: true}
Session ID: be7b920f5442905e209bc49c798dcce4">
      <![CDATA[org.openqa.selenium.TimeoutException: Expected condition failed: waiting for visibility of element located by By.linkText: Logout (tried for 15 second(s) with 500 milliseconds interval)
Build info: version: '4.1.3', revision: '7b1ebf28ef'
System info: host: 'SY4MYLP-61332YS', ip: '172.24.64.1', os.name: 'Windows 10', os.arch: 'amd64', os.version: '10.0', java.version: '11.0.10'
Driver info: org.openqa.selenium.chrome.ChromeDriver
Capabilities {acceptInsecureCerts: false, browserName: chrome, browserVersion: 102.0.5005.63, chrome: {chromedriverVersion: 102.0.5005.61 (0e59bcc00cc4..., userDataDir: C:\Users\LSRINI~1\AppData\L...}, goog:chromeOptions: {debuggerAddress: localhost:57880}, javascriptEnabled: true, networkConnectionEnabled: false, pageLoadStrategy: normal, platform: WINDOWS, platformName: WINDOWS, proxy: Proxy(), se:cdp: ws://localhost:57880/devtoo..., se:cdpVersion: 102.0.5005.63, setWindowRect: true, strictFileInteractability: false, timeouts: {implicit: 0, pageLoad: 300000, script: 30000}, unhandledPromptBehavior: dismiss and notify, webauthn:extension:credBlob: true, webauthn:extension:largeBlob: true, webauthn:virtualAuthenticators: true}
Session ID: be7b920f5442905e209bc49c798dcce4
at org.openqa.selenium.support.ui.WebDriverWait.timeoutException(WebDriverWait.java:87)
at org.openqa.selenium.support.ui.FluentWait.until(FluentWait.java:231)
at com.qa.opencart.utils.ElementUtil.waitForElementVisible(ElementUtil.java:382)
at com.qa.opencart.pages.AccountPage.getLogoutLink(AccountPage.java:48)
at com.qa.opencart.pages.AccountPage.doClickLogout(AccountPage.java:53)
at com.qa.opencart.tests.AccoutPageTest.logOutTest(AccoutPageTest.java:48)
at java.base/jdk.internal.reflect.NativeMethodAccessorImpl.invoke0(Native Method)
at java.base/jdk.internal.reflect.NativeMethodAccessorImpl.invoke(NativeMethodAccessorImpl.java:62)
at java.base/jdk.internal.reflect.DelegatingMethodAccessorImpl.invoke(DelegatingMethodAccessorImpl.java:43)
at java.base/java.lang.reflect.Method.invoke(Method.java:566)
at org.testng.internal.MethodInvocationHelper.invokeMethod(MethodInvocationHelper.java:124)
at org.testng.internal.Invoker.invokeMethod(Invoker.java:583)
at org.testng.internal.Invoker.retryFailed(Invoker.java:839)
at org.testng.internal.Invoker.invokeTestMethods(Invoker.java:1010)
at org.testng.internal.TestMethodWorker.invokeTestMethods(TestMethodWorker.java:125)
at org.testng.internal.TestMethodWorker.run(TestMethodWorker.java:109)
at org.testng.TestRunner.privateRun(TestRunner.java:648)
at org.testng.TestRunner.run(TestRunner.java:505)
at org.testng.SuiteRunner.runTest(SuiteRunner.java:455)
at org.testng.SuiteRunner.access$000(SuiteRunner.java:40)
at org.testng.SuiteRunner$SuiteWorker.run(SuiteRunner.java:489)
at org.testng.internal.thread.ThreadUtil$1.call(ThreadUtil.java:52)
at java.base/java.util.concurrent.FutureTask.run(FutureTask.java:264)
at java.base/java.util.concurrent.ThreadPoolExecutor.runWorker(ThreadPoolExecutor.java:1128)
at java.base/java.util.concurrent.ThreadPoolExecutor$Worker.run(ThreadPoolExecutor.java:628)
at java.base/java.lang.Thread.run(Thread.java:834)
]]>
    </failure>
  </testcase> <!-- logOutTest -->
  <testcase classname="com.qa.opencart.tests.AccoutPageTest" name="productImageCountTest" time="2.324"/>
  <testcase classname="com.qa.opencart.tests.AccoutPageTest" name="productImageCountTest" time="2.156"/>
  <testcase classname="com.qa.opencart.tests.AccoutPageTest" name="productImageCountTest" time="1.936"/>
  <testcase classname="com.qa.opencart.tests.AccoutPageTest" name="productAddQuantityTest" time="2.538"/>
  <testcase classname="com.qa.opencart.tests.AccoutPageTest" name="productAddQuantityTest" time="2.603"/>
  <testcase classname="com.qa.opencart.tests.AccoutPageTest" name="shoppingCartTest" time="3.105"/>
  <testcase classname="com.qa.opencart.tests.AccoutPageTest" name="shoppingCartTest" time="23.126">
    <skipped/>
  </testcase> <!-- shoppingCartTest -->
  <testcase classname="com.qa.opencart.tests.AccoutPageTest" name="shoppingCartTest" time="3.73"/>
  <testcase classname="com.qa.opencart.tests.AccoutPageTest" name="pageInnerTextTest" time="1.871"/>
</testsuite> <!-- Open Cart Accounts Page Test -->
